<?xml version="1.0" encoding="UTF-8"?>
<!-- Generated by org.testng.reporters.JUnitReportReporter -->
<testsuite hostname="DESKTOP-RQHA6LL" failures="0" tests="1" name="testNGPractice.firsttestng" time="0.009" errors="0" timestamp="2024-07-16T05:44:56 PDT" skipped="0">
  <testcase classname="testNGPractice.firsttestng" name="f" time="0.009"/>
  <system-out/>
</testsuite> <!-- testNGPractice.firsttestng -->
